#
# There is insufficient memory for the Java Runtime Environment to continue.
# Native memory allocation (malloc) failed to allocate 1198416 bytes for Chunk::new
# Possible reasons:
#   The system is out of physical RAM or swap space
#   In 32 bit mode, the process size limit was hit
# Possible solutions:
#   Reduce memory load on the system
#   Increase physical memory or swap space
#   Check if swap backing store is full
#   Use 64 bit Java on a 64 bit OS
#   Decrease Java heap size (-Xmx/-Xms)
#   Decrease number of Java threads
#   Decrease Java thread stack sizes (-Xss)
#   Set larger code cache with -XX:ReservedCodeCacheSize=
# This output file may be truncated or incomplete.
#
#  Out of Memory Error (allocation.cpp:390), pid=16500, tid=0x0000000000004188
#
# JRE version: Java(TM) SE Runtime Environment (8.0_151-b12) (build 1.8.0_151-b12)
# Java VM: Java HotSpot(TM) 64-Bit Server VM (25.151-b12 mixed mode windows-amd64 compressed oops)
# Failed to write core dump. Minidumps are not enabled by default on client versions of Windows
#

---------------  T H R E A D  ---------------

Current thread (0x0000000018d0a800):  JavaThread "C2 CompilerThread0" daemon [_thread_in_native, id=16776, stack(0x0000000018f50000,0x0000000019050000)]

Stack: [0x0000000018f50000,0x0000000019050000]
[error occurred during error reporting (printing stack bounds), id 0xc0000005]

Native frames: (J=compiled Java code, j=interpreted, Vv=VM code, C=native code)


Current CompileTask:
C2:  12956 3593       4       org.springframework.core.annotation.TypeMappedAnnotations::get (52 bytes)


---------------  P R O C E S S  ---------------

Java Threads: ( => current thread )
  0x000000001a92d800 JavaThread "SpringContextShutdownHook" [_thread_blocked, id=17040, stack(0x00000000201b0000,0x00000000202b0000)]
  0x000000001a934800 JavaThread "SIGINT handler" daemon [_thread_blocked, id=17036, stack(0x00000000200b0000,0x00000000201b0000)]
  0x000000001a92e800 JavaThread "container-0" [_thread_blocked, id=16968, stack(0x000000001fbb0000,0x000000001fcb0000)]
  0x000000001a931800 JavaThread "Catalina-utility-2" [_thread_blocked, id=16964, stack(0x000000001fab0000,0x000000001fbb0000)]
  0x000000001a933800 JavaThread "Catalina-utility-1" [_thread_blocked, id=16960, stack(0x000000001f9b0000,0x000000001fab0000)]
  0x000000001a932000 JavaThread "HikariPool-1 housekeeper" daemon [_thread_blocked, id=16952, stack(0x000000001b5a0000,0x000000001b6a0000)]
  0x0000000018e41000 JavaThread "Service Thread" daemon [_thread_blocked, id=16788, stack(0x0000000019250000,0x0000000019350000)]
  0x0000000018da4000 JavaThread "C1 CompilerThread2" daemon [_thread_blocked, id=16784, stack(0x0000000019150000,0x0000000019250000)]
  0x0000000018d56000 JavaThread "C2 CompilerThread1" daemon [_thread_in_native, id=16780, stack(0x0000000019050000,0x0000000019150000)]
=>0x0000000018d0a800 JavaThread "C2 CompilerThread0" daemon [_thread_in_native, id=16776, stack(0x0000000018f50000,0x0000000019050000)]
  0x0000000018d09000 JavaThread "Monitor Ctrl-Break" daemon [_thread_in_native, id=16772, stack(0x0000000018e50000,0x0000000018f50000)]
  0x00000000173f2000 JavaThread "Attach Listener" daemon [_thread_blocked, id=16724, stack(0x0000000018950000,0x0000000018a50000)]
  0x00000000173f0800 JavaThread "Signal Dispatcher" daemon [_thread_blocked, id=16720, stack(0x0000000018850000,0x0000000018950000)]
  0x00000000173da000 JavaThread "Finalizer" daemon [_thread_blocked, id=16700, stack(0x0000000018650000,0x0000000018750000)]
  0x00000000173b9000 JavaThread "Reference Handler" daemon [_thread_blocked, id=16696, stack(0x0000000018550000,0x0000000018650000)]
  0x0000000002766000 JavaThread "main" [_thread_in_native, id=16616, stack(0x0000000002460000,0x0000000002560000)]

Other Threads:
  0x00000000173b8000 VMThread [stack: 0x0000000018450000,0x0000000018550000] [id=16676]
  0x00000000193c2000 WatcherThread [stack: 0x0000000019b50000,0x0000000019c50000] [id=16796]

VM state:not at safepoint (normal execution)

VM Mutex/Monitor currently owned by a thread: None

Heap:
 PSYoungGen      total 181248K, used 17942K [0x00000000d5b00000, 0x00000000e3680000, 0x0000000100000000)
  eden space 169472K, 3% used [0x00000000d5b00000,0x00000000d6109268,0x00000000e0080000)
  from space 11776K, 99% used [0x00000000e0e00000,0x00000000e197c758,0x00000000e1980000)
  to   space 13824K, 0% used [0x00000000e0080000,0x00000000e0080000,0x00000000e0e00000)
 ParOldGen       total 85504K, used 17099K [0x0000000081000000, 0x0000000086380000, 0x00000000d5b00000)
  object space 85504K, 19% used [0x0000000081000000,0x00000000820b2f30,0x0000000086380000)
 Metaspace       used 46179K, capacity 48535K, committed 48896K, reserved 1091584K
  class space    used 6101K, capacity 6542K, committed 6656K, reserved 1048576K

Card table byte_map: [0x0000000011c20000,0x0000000012020000] byte_map_base: 0x0000000011818000

Marking Bits: (ParMarkBitMap*) 0x0000000055e3d850
 Begin Bits: [0x00000000126d0000, 0x0000000014690000)
 End Bits:   [0x0000000014690000, 0x0000000016650000)

Polling page: 0x0000000000b70000

CodeCache: size=245760Kb used=11294Kb max_used=11318Kb free=234465Kb
 bounds [0x0000000002860000, 0x0000000003380000, 0x0000000011860000]
 total_blobs=3689 nmethods=3212 adapters=389
 compilation: enabled

Compilation events (10 events):
Event: 12.525 Thread 0x0000000018da4000 3659       3       org.springframework.beans.factory.annotation.InitDestroyAnnotationBeanPostProcessor$$Lambda$330/1103017075::get$Lambda (12 bytes)
Event: 12.526 Thread 0x0000000018da4000 nmethod 3659 0x0000000002f6ab10 code [0x0000000002f6ac80, 0x0000000002f6af10]
Event: 12.623 Thread 0x0000000018d56000 nmethod 3584 0x0000000003368090 code [0x0000000003368940, 0x0000000003371848]
Event: 12.625 Thread 0x0000000018d56000 3578       4       java.lang.Class::getDeclaredAnnotations (11 bytes)
Event: 12.638 Thread 0x0000000018da4000 3661       3       java.lang.Exception::<init> (6 bytes)
Event: 12.639 Thread 0x0000000018da4000 nmethod 3661 0x0000000002f673d0 code [0x0000000002f67540, 0x0000000002f67888]
Event: 12.658 Thread 0x0000000018d56000 nmethod 3578 0x000000000332aa90 code [0x000000000332acc0, 0x000000000332b7e0]
Event: 12.658 Thread 0x0000000018d56000 3556       4       org.springframework.core.ResolvableType::<init> (39 bytes)
Event: 12.805 Thread 0x0000000018da4000 3662       3       java.lang.invoke.MemberName::equals (24 bytes)
Event: 12.805 Thread 0x0000000018da4000 nmethod 3662 0x000000000332e550 code [0x000000000332e6c0, 0x000000000332eb28]

GC Heap History (10 events):
Event: 3.664 GC heap before
{Heap before GC invocations=6 (full 1):
 PSYoungGen      total 71680K, used 5097K [0x00000000d5b00000, 0x00000000dee00000, 0x0000000100000000)
  eden space 66560K, 0% used [0x00000000d5b00000,0x00000000d5b00000,0x00000000d9c00000)
  from space 5120K, 99% used [0x00000000d9c00000,0x00000000da0fa428,0x00000000da100000)
  to   space 8704K, 0% used [0x00000000de580000,0x00000000de580000,0x00000000dee00000)
 ParOldGen       total 87552K, used 5788K [0x0000000081000000, 0x0000000086580000, 0x00000000d5b00000)
  object space 87552K, 6% used [0x0000000081000000,0x00000000815a7280,0x0000000086580000)
 Metaspace       used 20243K, capacity 21152K, committed 21248K, reserved 1067008K
  class space    used 2526K, capacity 2752K, committed 2816K, reserved 1048576K
Event: 3.725 GC heap after
Heap after GC invocations=6 (full 1):
 PSYoungGen      total 71680K, used 0K [0x00000000d5b00000, 0x00000000dee00000, 0x0000000100000000)
  eden space 66560K, 0% used [0x00000000d5b00000,0x00000000d5b00000,0x00000000d9c00000)
  from space 5120K, 0% used [0x00000000d9c00000,0x00000000d9c00000,0x00000000da100000)
  to   space 8704K, 0% used [0x00000000de580000,0x00000000de580000,0x00000000dee00000)
 ParOldGen       total 54784K, used 6791K [0x0000000081000000, 0x0000000084580000, 0x00000000d5b00000)
  object space 54784K, 12% used [0x0000000081000000,0x00000000816a1e50,0x0000000084580000)
 Metaspace       used 20243K, capacity 21152K, committed 21248K, reserved 1067008K
  class space    used 2526K, capacity 2752K, committed 2816K, reserved 1048576K
}
Event: 5.654 GC heap before
{Heap before GC invocations=7 (full 1):
 PSYoungGen      total 71680K, used 66560K [0x00000000d5b00000, 0x00000000dee00000, 0x0000000100000000)
  eden space 66560K, 100% used [0x00000000d5b00000,0x00000000d9c00000,0x00000000d9c00000)
  from space 5120K, 0% used [0x00000000d9c00000,0x00000000d9c00000,0x00000000da100000)
  to   space 8704K, 0% used [0x00000000de580000,0x00000000de580000,0x00000000dee00000)
 ParOldGen       total 54784K, used 6791K [0x0000000081000000, 0x0000000084580000, 0x00000000d5b00000)
  object space 54784K, 12% used [0x0000000081000000,0x00000000816a1e50,0x0000000084580000)
 Metaspace       used 25248K, capacity 26574K, committed 26880K, reserved 1073152K
  class space    used 3241K, capacity 3525K, committed 3584K, reserved 1048576K
Event: 5.670 GC heap after
Heap after GC invocations=7 (full 1):
 PSYoungGen      total 116736K, used 7690K [0x00000000d5b00000, 0x00000000ded80000, 0x0000000100000000)
  eden space 108544K, 0% used [0x00000000d5b00000,0x00000000d5b00000,0x00000000dc500000)
  from space 8192K, 93% used [0x00000000de580000,0x00000000ded029e0,0x00000000ded80000)
  to   space 9216K, 0% used [0x00000000ddb80000,0x00000000ddb80000,0x00000000de480000)
 ParOldGen       total 54784K, used 6799K [0x0000000081000000, 0x0000000084580000, 0x00000000d5b00000)
  object space 54784K, 12% used [0x0000000081000000,0x00000000816a3e50,0x0000000084580000)
 Metaspace       used 25248K, capacity 26574K, committed 26880K, reserved 1073152K
  class space    used 3241K, capacity 3525K, committed 3584K, reserved 1048576K
}
Event: 8.050 GC heap before
{Heap before GC invocations=8 (full 1):
 PSYoungGen      total 116736K, used 112402K [0x00000000d5b00000, 0x00000000ded80000, 0x0000000100000000)
  eden space 108544K, 96% used [0x00000000d5b00000,0x00000000dc1421a0,0x00000000dc500000)
  from space 8192K, 93% used [0x00000000de580000,0x00000000ded029e0,0x00000000ded80000)
  to   space 9216K, 0% used [0x00000000ddb80000,0x00000000ddb80000,0x00000000de480000)
 ParOldGen       total 54784K, used 6799K [0x0000000081000000, 0x0000000084580000, 0x00000000d5b00000)
  object space 54784K, 12% used [0x0000000081000000,0x00000000816a3e50,0x0000000084580000)
 Metaspace       used 33489K, capacity 35321K, committed 35416K, reserved 1081344K
  class space    used 4272K, capacity 4608K, committed 4608K, reserved 1048576K
Event: 8.070 GC heap after
Heap after GC invocations=8 (full 1):
 PSYoungGen      total 140800K, used 9191K [0x00000000d5b00000, 0x00000000e1980000, 0x0000000100000000)
  eden space 131584K, 0% used [0x00000000d5b00000,0x00000000d5b00000,0x00000000ddb80000)
  from space 9216K, 99% used [0x00000000ddb80000,0x00000000de479e70,0x00000000de480000)
  to   space 11776K, 0% used [0x00000000e0e00000,0x00000000e0e00000,0x00000000e1980000)
 ParOldGen       total 54784K, used 9049K [0x0000000081000000, 0x0000000084580000, 0x00000000d5b00000)
  object space 54784K, 16% used [0x0000000081000000,0x00000000818d6568,0x0000000084580000)
 Metaspace       used 33489K, capacity 35321K, committed 35416K, reserved 1081344K
  class space    used 4272K, capacity 4608K, committed 4608K, reserved 1048576K
}
Event: 8.070 GC heap before
{Heap before GC invocations=9 (full 2):
 PSYoungGen      total 140800K, used 9191K [0x00000000d5b00000, 0x00000000e1980000, 0x0000000100000000)
  eden space 131584K, 0% used [0x00000000d5b00000,0x00000000d5b00000,0x00000000ddb80000)
  from space 9216K, 99% used [0x00000000ddb80000,0x00000000de479e70,0x00000000de480000)
  to   space 11776K, 0% used [0x00000000e0e00000,0x00000000e0e00000,0x00000000e1980000)
 ParOldGen       total 54784K, used 9049K [0x0000000081000000, 0x0000000084580000, 0x00000000d5b00000)
  object space 54784K, 16% used [0x0000000081000000,0x00000000818d6568,0x0000000084580000)
 Metaspace       used 33489K, capacity 35321K, committed 35416K, reserved 1081344K
  class space    used 4272K, capacity 4608K, committed 4608K, reserved 1048576K
Event: 8.177 GC heap after
Heap after GC invocations=9 (full 2):
 PSYoungGen      total 140800K, used 0K [0x00000000d5b00000, 0x00000000e1980000, 0x0000000100000000)
  eden space 131584K, 0% used [0x00000000d5b00000,0x00000000d5b00000,0x00000000ddb80000)
  from space 9216K, 0% used [0x00000000ddb80000,0x00000000ddb80000,0x00000000de480000)
  to   space 11776K, 0% used [0x00000000e0e00000,0x00000000e0e00000,0x00000000e1980000)
 ParOldGen       total 85504K, used 15678K [0x0000000081000000, 0x0000000086380000, 0x00000000d5b00000)
  object space 85504K, 18% used [0x0000000081000000,0x0000000081f4f810,0x0000000086380000)
 Metaspace       used 33489K, capacity 35321K, committed 35416K, reserved 1081344K
  class space    used 4272K, capacity 4608K, committed 4608K, reserved 1048576K
}
Event: 11.876 GC heap before
{Heap before GC invocations=10 (full 2):
 PSYoungGen      total 140800K, used 131584K [0x00000000d5b00000, 0x00000000e1980000, 0x0000000100000000)
  eden space 131584K, 100% used [0x00000000d5b00000,0x00000000ddb80000,0x00000000ddb80000)
  from space 9216K, 0% used [0x00000000ddb80000,0x00000000ddb80000,0x00000000de480000)
  to   space 11776K, 0% used [0x00000000e0e00000,0x00000000e0e00000,0x00000000e1980000)
 ParOldGen       total 85504K, used 15678K [0x0000000081000000, 0x0000000086380000, 0x00000000d5b00000)
  object space 85504K, 18% used [0x0000000081000000,0x0000000081f4f810,0x0000000086380000)
 Metaspace       used 45852K, capacity 48113K, committed 48256K, reserved 1091584K
  class space    used 6036K, capacity 6443K, committed 6528K, reserved 1048576K
Event: 11.924 GC heap after
Heap after GC invocations=10 (full 2):
 PSYoungGen      total 181248K, used 11761K [0x00000000d5b00000, 0x00000000e3680000, 0x0000000100000000)
  eden space 169472K, 0% used [0x00000000d5b00000,0x00000000d5b00000,0x00000000e0080000)
  from space 11776K, 99% used [0x00000000e0e00000,0x00000000e197c758,0x00000000e1980000)
  to   space 13824K, 0% used [0x00000000e0080000,0x00000000e0080000,0x00000000e0e00000)
 ParOldGen       total 85504K, used 17099K [0x0000000081000000, 0x0000000086380000, 0x00000000d5b00000)
  object space 85504K, 19% used [0x0000000081000000,0x00000000820b2f30,0x0000000086380000)
 Metaspace       used 45852K, capacity 48113K, committed 48256K, reserved 1091584K
  class space    used 6036K, capacity 6443K, committed 6528K, reserved 1048576K
}

Deoptimization events (10 events):
Event: 10.675 Thread 0x0000000002766000 Uncommon trap: reason=class_check action=maybe_recompile pc=0x0000000002fe4c54 method=org.springframework.core.annotation.TypeMappedAnnotations$MergedAnnotationFinder.process(Ljava/lang/Object;ILjava/lang/Object;Ljava/lang/annotation/Annotation;)Lorg/spri
Event: 10.680 Thread 0x0000000002766000 Uncommon trap: reason=class_check action=maybe_recompile pc=0x0000000002fe4c54 method=org.springframework.core.annotation.TypeMappedAnnotations$MergedAnnotationFinder.process(Ljava/lang/Object;ILjava/lang/Object;Ljava/lang/annotation/Annotation;)Lorg/spri
Event: 10.699 Thread 0x0000000002766000 Uncommon trap: reason=class_check action=maybe_recompile pc=0x0000000002fe4c54 method=org.springframework.core.annotation.TypeMappedAnnotations$MergedAnnotationFinder.process(Ljava/lang/Object;ILjava/lang/Object;Ljava/lang/annotation/Annotation;)Lorg/spri
Event: 10.726 Thread 0x0000000002766000 Uncommon trap: reason=class_check action=maybe_recompile pc=0x0000000002fe4c54 method=org.springframework.core.annotation.TypeMappedAnnotations$MergedAnnotationFinder.process(Ljava/lang/Object;ILjava/lang/Object;Ljava/lang/annotation/Annotation;)Lorg/spri
Event: 11.472 Thread 0x0000000002766000 Uncommon trap: reason=class_check action=maybe_recompile pc=0x00000000032e0130 method=org.springframework.core.annotation.TypeMappedAnnotations$MergedAnnotationFinder.process(Ljava/lang/Object;ILjava/lang/Object;Ljava/lang/annotation/Annotation;)Lorg/spri
Event: 11.516 Thread 0x0000000002766000 Uncommon trap: reason=class_check action=maybe_recompile pc=0x00000000033372c4 method=org.springframework.core.annotation.TypeMappedAnnotations$MergedAnnotationFinder.process(Ljava/lang/Object;ILjava/lang/Object;Ljava/lang/annotation/Annotation;)Lorg/spri
Event: 11.517 Thread 0x0000000002766000 Uncommon trap: reason=unstable_if action=reinterpret pc=0x0000000002bf7e4c method=org.springframework.core.annotation.AnnotationsScanner.isWithoutHierarchy(Ljava/lang/reflect/AnnotatedElement;Lorg/springframework/core/annotation/MergedAnnotations$SearchSt
Event: 12.244 Thread 0x0000000002766000 Uncommon trap: reason=unstable_if action=reinterpret pc=0x00000000033539f8 method=org.springframework.beans.factory.support.AbstractBeanFactory.isTypeMatch(Ljava/lang/String;Lorg/springframework/core/ResolvableType;Z)Z @ 34
Event: 12.293 Thread 0x0000000002766000 Uncommon trap: reason=class_check action=maybe_recompile pc=0x0000000002bdabc4 method=org.springframework.boot.context.properties.source.ConfigurationPropertyName$Elements.charAt(II)C @ 43
Event: 12.293 Thread 0x0000000002766000 Uncommon trap: reason=class_check action=maybe_recompile pc=0x0000000002bdabc4 method=org.springframework.boot.context.properties.source.ConfigurationPropertyName$Elements.charAt(II)C @ 43

Internal exceptions (10 events):
Event: 10.446 Thread 0x0000000002766000 Exception <a 'java/lang/ClassNotFoundException': org/springframework/web/servlet/config/annotation/WebMvcConfigurationSupportCustomizer> (0x00000000dc276888) thrown at [C:\re\workspace\8-2-build-windows-amd64-cygwin\jdk8u151\9699\hotspot\src\share\vm\clas
Event: 10.449 Thread 0x0000000002766000 Exception <a 'java/lang/ClassNotFoundException': org/springframework/web/servlet/config/annotation/DelegatingWebMvcConfigurationCustomizer> (0x00000000dc2aa380) thrown at [C:\re\workspace\8-2-build-windows-amd64-cygwin\jdk8u151\9699\hotspot\src\share\vm\c
Event: 10.450 Thread 0x0000000002766000 Exception <a 'java/lang/ClassNotFoundException': org/springframework/boot/autoconfigure/web/servlet/WebMvcAutoConfiguration$EnableWebMvcConfigurationCustomizer> (0x00000000dc2d1018) thrown at [C:\re\workspace\8-2-build-windows-amd64-cygwin\jdk8u151\9699\h
Event: 10.465 Thread 0x0000000002766000 Exception <a 'java/lang/ClassNotFoundException': org/springframework/context/ResourceLoaderAwareCustomizer> (0x00000000dc2f9c80) thrown at [C:\re\workspace\8-2-build-windows-amd64-cygwin\jdk8u151\9699\hotspot\src\share\vm\classfile\systemDictionary.cpp, l
Event: 10.466 Thread 0x0000000002766000 Exception <a 'java/lang/ClassNotFoundException': org/springframework/beans/factory/AwareCustomizer> (0x00000000dc30cec8) thrown at [C:\re\workspace\8-2-build-windows-amd64-cygwin\jdk8u151\9699\hotspot\src\share\vm\classfile\systemDictionary.cpp, line 210]
Event: 10.467 Thread 0x0000000002766000 Exception <a 'java/lang/ClassNotFoundException': org/springframework/context/ApplicationContextAwareCustomizer> (0x00000000dc322398) thrown at [C:\re\workspace\8-2-build-windows-amd64-cygwin\jdk8u151\9699\hotspot\src\share\vm\classfile\systemDictionary.cp
Event: 10.469 Thread 0x0000000002766000 Exception <a 'java/lang/ClassNotFoundException': org/springframework/beans/factory/AwareCustomizer> (0x00000000dc335be8) thrown at [C:\re\workspace\8-2-build-windows-amd64-cygwin\jdk8u151\9699\hotspot\src\share\vm\classfile\systemDictionary.cpp, line 210]
Event: 10.475 Thread 0x0000000002766000 Exception <a 'java/lang/ClassNotFoundException': org/springframework/web/context/ServletContextAwareCustomizer> (0x00000000dc34b058) thrown at [C:\re\workspace\8-2-build-windows-amd64-cygwin\jdk8u151\9699\hotspot\src\share\vm\classfile\systemDictionary.cp
Event: 10.484 Thread 0x0000000002766000 Exception <a 'java/lang/ClassNotFoundException': org/springframework/beans/factory/AwareCustomizer> (0x00000000dc35e318) thrown at [C:\re\workspace\8-2-build-windows-amd64-cygwin\jdk8u151\9699\hotspot\src\share\vm\classfile\systemDictionary.cpp, line 210]
Event: 11.651 Thread 0x0000000002766000 Exception <a 'java/lang/IncompatibleClassChangeError': Found class java.lang.Object, but interface was expected> (0x00000000dd8bf7e8) thrown at [C:\re\workspace\8-2-build-windows-amd64-cygwin\jdk8u151\9699\hotspot\src\share\vm\interpreter\linkResolver.cpp

Events (10 events):
Event: 12.779 loading class java/sql/Ref
Event: 12.779 loading class java/sql/Ref done
Event: 12.779 loading class java/sql/RowId
Event: 12.779 loading class java/sql/RowId done
Event: 12.779 loading class org/springframework/data/mapping/model/SimpleTypeHolder
Event: 12.780 loading class org/springframework/data/mapping/model/SimpleTypeHolder done
Event: 12.805 loading class org/springframework/data/mapping/model/SimpleTypeHolder
Event: 12.805 loading class org/springframework/data/mapping/model/SimpleTypeHolder done
Event: 12.805 loading class org/springframework/data/convert/CustomConversions$StoreConversions
Event: 12.805 loading class org/springframework/data/convert/CustomConversions$StoreConversions done


Dynamic libraries:
0x00007ff620950000 - 0x00007ff620987000 	C:\Program Files\Java\jdk1.8.0_151\bin\java.exe
0x00007ffa2a090000 - 0x00007ffa2a288000 	C:\WINDOWS\SYSTEM32\ntdll.dll
0x00007ffa296a0000 - 0x00007ffa2975d000 	C:\WINDOWS\System32\KERNEL32.DLL
0x00007ffa277b0000 - 0x00007ffa27a7e000 	C:\WINDOWS\System32\KERNELBASE.dll
0x00007ffa29c00000 - 0x00007ffa29cae000 	C:\WINDOWS\System32\ADVAPI32.dll
0x00007ffa28500000 - 0x00007ffa2859e000 	C:\WINDOWS\System32\msvcrt.dll
0x00007ffa293d0000 - 0x00007ffa2946c000 	C:\WINDOWS\System32\sechost.dll
0x00007ffa29cb0000 - 0x00007ffa29dd5000 	C:\WINDOWS\System32\RPCRT4.dll
0x00007ffa285b0000 - 0x00007ffa28750000 	C:\WINDOWS\System32\USER32.dll
0x00007ffa27c80000 - 0x00007ffa27ca2000 	C:\WINDOWS\System32\win32u.dll
0x00007ffa29de0000 - 0x00007ffa29e0a000 	C:\WINDOWS\System32\GDI32.dll
0x00007ffa27b70000 - 0x00007ffa27c7b000 	C:\WINDOWS\System32\gdi32full.dll
0x00007ffa27ad0000 - 0x00007ffa27b6d000 	C:\WINDOWS\System32\msvcp_win.dll
0x00007ffa27d60000 - 0x00007ffa27e60000 	C:\WINDOWS\System32\ucrtbase.dll
0x00007ffa19ca0000 - 0x00007ffa19f3a000 	C:\WINDOWS\WinSxS\amd64_microsoft.windows.common-controls_6595b64144ccf1df_6.0.19041.1110_none_60b5254171f9507e\COMCTL32.dll
0x00007ffa28450000 - 0x00007ffa28480000 	C:\WINDOWS\System32\IMM32.DLL
0x0000000055ec0000 - 0x0000000055f92000 	C:\Program Files\Java\jdk1.8.0_151\jre\bin\msvcr100.dll
0x0000000055620000 - 0x0000000055ebd000 	C:\Program Files\Java\jdk1.8.0_151\jre\bin\server\jvm.dll
0x00007ffa285a0000 - 0x00007ffa285a8000 	C:\WINDOWS\System32\PSAPI.DLL
0x00007ffa1c240000 - 0x00007ffa1c249000 	C:\WINDOWS\SYSTEM32\WSOCK32.dll
0x00007ffa29b90000 - 0x00007ffa29bfb000 	C:\WINDOWS\System32\WS2_32.dll
0x00007ffa1b740000 - 0x00007ffa1b767000 	C:\WINDOWS\SYSTEM32\WINMM.dll
0x00007ffa1ff10000 - 0x00007ffa1ff1a000 	C:\WINDOWS\SYSTEM32\VERSION.dll
0x0000000056730000 - 0x000000005673f000 	C:\Program Files\Java\jdk1.8.0_151\jre\bin\verify.dll
0x0000000056700000 - 0x0000000056729000 	C:\Program Files\Java\jdk1.8.0_151\jre\bin\java.dll
0x0000000055570000 - 0x0000000055593000 	C:\Program Files\Java\jdk1.8.0_151\jre\bin\instrument.dll
0x00000000566e0000 - 0x00000000566f6000 	C:\Program Files\Java\jdk1.8.0_151\jre\bin\zip.dll
0x00007ffa28c20000 - 0x00007ffa29364000 	C:\WINDOWS\System32\SHELL32.dll
0x00007ffa258b0000 - 0x00007ffa26044000 	C:\WINDOWS\SYSTEM32\windows.storage.dll
0x00007ffa280f0000 - 0x00007ffa28444000 	C:\WINDOWS\System32\combase.dll
0x00007ffa27210000 - 0x00007ffa27240000 	C:\WINDOWS\SYSTEM32\Wldp.dll
0x00007ffa29fa0000 - 0x00007ffa2a04d000 	C:\WINDOWS\System32\SHCORE.dll
0x00007ffa28480000 - 0x00007ffa284d5000 	C:\WINDOWS\System32\shlwapi.dll
0x00007ffa276f0000 - 0x00007ffa2770f000 	C:\WINDOWS\SYSTEM32\profapi.dll
0x00007ffa1c170000 - 0x00007ffa1c18a000 	D:\soft new\IntelliJ IDEA Community Edition 2022.1.4\bin\breakgen64.dll
0x0000000055600000 - 0x000000005561a000 	C:\Program Files\Java\jdk1.8.0_151\jre\bin\net.dll
0x00007ffa26f70000 - 0x00007ffa26fda000 	C:\WINDOWS\system32\mswsock.dll
0x0000000055560000 - 0x000000005556d000 	C:\Program Files\Java\jdk1.8.0_151\jre\bin\management.dll
0x00007ffa05250000 - 0x00007ffa05267000 	C:\WINDOWS\system32\napinsp.dll
0x00007ffa05230000 - 0x00007ffa0524b000 	C:\WINDOWS\system32\pnrpnsp.dll
0x00007ffa21fd0000 - 0x00007ffa21fe5000 	C:\WINDOWS\system32\wshbth.dll
0x00007ffa232b0000 - 0x00007ffa232cd000 	C:\WINDOWS\system32\NLAapi.dll
0x00007ffa26c10000 - 0x00007ffa26c4b000 	C:\WINDOWS\SYSTEM32\IPHLPAPI.DLL
0x00007ffa26c60000 - 0x00007ffa26d2b000 	C:\WINDOWS\SYSTEM32\DNSAPI.dll
0x00007ffa284e0000 - 0x00007ffa284e8000 	C:\WINDOWS\System32\NSI.dll
0x00007ffa051f0000 - 0x00007ffa05202000 	C:\WINDOWS\System32\winrnr.dll
0x00007ffa1a4c0000 - 0x00007ffa1a4ca000 	C:\Windows\System32\rasadhlp.dll
0x00007ffa1a220000 - 0x00007ffa1a2a0000 	C:\WINDOWS\System32\fwpuclnt.dll
0x00007ffa27ed0000 - 0x00007ffa27ef7000 	C:\WINDOWS\System32\bcrypt.dll
0x00000000555e0000 - 0x00000000555f1000 	C:\Program Files\Java\jdk1.8.0_151\jre\bin\nio.dll
0x00007ffa27160000 - 0x00007ffa27178000 	C:\WINDOWS\SYSTEM32\CRYPTSP.dll
0x00007ffa26880000 - 0x00007ffa268b4000 	C:\WINDOWS\system32\rsaenh.dll
0x00007ffa276b0000 - 0x00007ffa276de000 	C:\WINDOWS\SYSTEM32\USERENV.dll
0x00007ffa28060000 - 0x00007ffa280e2000 	C:\WINDOWS\System32\bcryptprimitives.dll
0x00007ffa27180000 - 0x00007ffa2718c000 	C:\WINDOWS\SYSTEM32\CRYPTBASE.dll
0x00007ffa1e720000 - 0x00007ffa1e737000 	C:\WINDOWS\SYSTEM32\dhcpcsvc6.DLL
0x00007ffa1e700000 - 0x00007ffa1e71d000 	C:\WINDOWS\SYSTEM32\dhcpcsvc.DLL

VM Arguments:
jvm_args: -javaagent:D:\soft new\IntelliJ IDEA Community Edition 2022.1.4\lib\idea_rt.jar=59912:D:\soft new\IntelliJ IDEA Community Edition 2022.1.4\bin -Dfile.encoding=UTF-8 
java_command: com.codeWithAshith.SpringBootDatabase.jdbc.SpringBootDatabaseApplication
java_class_path (initial): C:\Program Files\Java\jdk1.8.0_151\jre\lib\charsets.jar;C:\Program Files\Java\jdk1.8.0_151\jre\lib\deploy.jar;C:\Program Files\Java\jdk1.8.0_151\jre\lib\ext\access-bridge-64.jar;C:\Program Files\Java\jdk1.8.0_151\jre\lib\ext\cldrdata.jar;C:\Program Files\Java\jdk1.8.0_151\jre\lib\ext\dnsns.jar;C:\Program Files\Java\jdk1.8.0_151\jre\lib\ext\jaccess.jar;C:\Program Files\Java\jdk1.8.0_151\jre\lib\ext\jfxrt.jar;C:\Program Files\Java\jdk1.8.0_151\jre\lib\ext\localedata.jar;C:\Program Files\Java\jdk1.8.0_151\jre\lib\ext\nashorn.jar;C:\Program Files\Java\jdk1.8.0_151\jre\lib\ext\sunec.jar;C:\Program Files\Java\jdk1.8.0_151\jre\lib\ext\sunjce_provider.jar;C:\Program Files\Java\jdk1.8.0_151\jre\lib\ext\sunmscapi.jar;C:\Program Files\Java\jdk1.8.0_151\jre\lib\ext\sunpkcs11.jar;C:\Program Files\Java\jdk1.8.0_151\jre\lib\ext\zipfs.jar;C:\Program Files\Java\jdk1.8.0_151\jre\lib\javaws.jar;C:\Program Files\Java\jdk1.8.0_151\jre\lib\jce.jar;C:\Program Files\Java\jdk1.8.0_151\jre\lib\jfr.jar;C:\Program Files\Java\jdk1.8.0_151\jre\lib\jfxswt.jar;C:\Program Files\Java\jdk1.8.0_151\jre\lib\jsse.jar;C:\Program Files\Java\jdk1.8.0_151\jre\lib\management-agent.jar;C:\Program Files\Java\jdk1.8.0_151\jre\lib\plugin.jar;C:\Program Files\Java\jdk1.8.0_151\jre\lib\resources.jar;C:\Program Files\Java\jdk1.8.0_151\jre\lib\rt.jar;D:\Classes\Spring-Boot-Database\target\classes;C:\Users\Leon\.m2\repository\org\springframework\boot\spring-boot-starter-web\2.4.5\spring-boot-starter-web-2.4.5.jar;C:\Users\Leon\.m2\repository\org\springframework\boot\spring-boot-starter\2.4.5\spring-boot-starter-2.4.5.jar;C:\Users\Leon\.m2\repository\org\springframework\boot\spring-boot\2.4.5\spring-boot-2.4.5.jar;C:\Users\Leon\.m2\repository\org\springframework\boot\spring-boot-autoconfigure\2.4.5\spring-boot-autoconfigure-2.4.5.jar;C:\Users\Leon\.m2\repository\org\springframework\boot\spring-boot-starter-logging\2.4.5\spring-boot-starter-logging-2.4.5.jar;C:\Users\Leon\.m2\repository\ch\
Launcher Type: SUN_STANDARD

Environment Variables:
JAVA_HOME=C:\Program Files\Java\jdk1.8.0_151
PATH=C:\ProgramData\Oracle\Java\javapath;C:\WINDOWS\system32;C:\WINDOWS;C:\WINDOWS\System32\Wbem;C:\WINDOWS\System32\WindowsPowerShell\v1.0\;C:\Program Files\Java\jdk1.8.0_151\bin;C:\gradle\bin;C:\WINDOWS\System32\OpenSSH\;C:\Program Files\MongoDB\Server\3.6\bin;C:\Program Files (x86)\Nodist\bin\node_modules\adapt-cli\bin;C:\Program Files\erl9.2\bin;C:\Users\Leon\.mix\escripts;C:\Program Files (x86)\NVIDIA Corporation\PhysX\Common;D:\soft new\openssl-0.9.8k_X64\bin;C:\Program Files\NVIDIA Corporation\NVIDIA NvDLISR;C:\WINDOWS\system32;C:\WINDOWS;C:\WINDOWS\System32\Wbem;C:\WINDOWS\System32\WindowsPowerShell\v1.0\;C:\WINDOWS\System32\OpenSSH\;D:\Spectre\nvm;D:\Spectre\nodejs;C:\Users\Leon\AppData\Roaming\npm;D:\dev\Aws\bin\;C:\Program Files (x86)\Nodist\bin;C:\Program Files\Git\cmd;D:\soft new\putty\;D:\soft new\apache-maven-3.8.1\bin;D:\soft new\allure-2.14.0\bin;C:\Users\Leon\AppData\Local\Android\sdk\platform-tools;D:\Spectre\NodeJs\;D:\anaconda;D:\anaconda\Library\mingw-w64\bin;D:\anaconda\Library\usr\bin;D:\anaconda\Library\bin;D:\anaconda\Scripts;C:\Users\Leon\AppData\Local\GitHubDesktop\bin;C:\Users\Leon\AppData\Local\Microsoft\WindowsApps;C:\Users\Leon\AppData\Local\atom\bin;D:\soft new\openssl-0.9.8k_X64\bin;C:\Users\Leon\AppData\Local\Microsoft\WindowsApps;D:\dev\Microsoft VS Code\bin;D:\Spectre\nvm;D:\Spectre\nodejs;D:\Spectre\NodeJs;D:\soft new\cmdr\cmder;D:\soft new\IntelliJ IDEA Community Edition 2021.2\bin;;C:\Users\Leon\AppData\Roaming\npm
USERNAME=Leon
OS=Windows_NT
PROCESSOR_IDENTIFIER=Intel64 Family 6 Model 69 Stepping 1, GenuineIntel



---------------  S Y S T E M  ---------------

OS: Windows 10.0 , 64 bit Build 19041 (10.0.19041.1806)

CPU:total 4 (initial active 4) (2 cores per cpu, 2 threads per core) family 6 model 69 stepping 1, cmov, cx8, fxsr, mmx, sse, sse2, sse3, ssse3, sse4.1, sse4.2, popcnt, avx, avx2, aes, clmul, erms, lzcnt, ht, tsc, tscinvbit, bmi1, bmi2

Memory: 4k page, physical 8317080k(418964k free), swap 10283160k(4380k free)

vm_info: Java HotSpot(TM) 64-Bit Server VM (25.151-b12) for windows-amd64 JRE (1.8.0_151-b12), built on Sep  5 2017 19:33:46 by "java_re" with MS VC++ 10.0 (VS2010)

time: Thu Jul 28 09:02:28 2022
elapsed time: 13 seconds (0d 0h 0m 13s)

